<?xml version="1.0" encoding="UTF-8"?>
<!-- Generated by org.testng.reporters.JUnitReportReporter -->
<testsuite hostname="DESKTOP-VOA36J7" failures="0" tests="3" name="selenium.wbdriver1.App" time="0.074" errors="0" timestamp="2022-01-05T09:44:35 ICT" skipped="0">
  <testcase classname="selenium.wbdriver1.App" name="TC_02_ValidatePageTitle" time="0.008"/>
  <system-out/>
  <testcase classname="selenium.wbdriver1.App" name="TC_03_LoginFormDisplayed" time="0.054"/>
  <system-out/>
  <testcase classname="selenium.wbdriver1.App" name="TC_01_ValidateCurrentUrl" time="0.012"/>
  <system-out/>
</testsuite> <!-- selenium.wbdriver1.App -->
